<?xml version="1.0" encoding="utf-8"?><testsuites name="pytest tests"><testsuite name="pytest" errors="0" failures="0" skipped="0" tests="12" time="3.718" timestamp="2026-08-31T11:24:59.417626+00:00" hostname="agent-env-25aefee9-a7e3-456c-a933-ba40db2eac2f"><testcase classname="tests.test_v10_features.TestPersistWeightsAndNotes" name="test_put_saves_weights_and_notes" time="0.676" /><testcase classname="tests.test_v10_features.TestPersistWeightsAndNotes" name="test_pricing_untouched_after_weights_notes_edit" time="0.057" /><testcase classname="tests.test_v10_features.TestPersistWeightsAndNotes" name="test_product_isolation_meja_rak_untouched" time="0.106" /><testcase classname="tests.test_v10_features.TestEmptyNotes" name="test_backend_passes_through_notes_as_sent" time="0.110" /><testcase classname="tests.test_v10_features.TestBadPricing" name="test_non_dict_pricing_no_500" time="0.160" /><testcase classname="tests.test_v10_features.TestRBACModifyProducts" name="test_admin_without_perm_gets_403" time="0.734" /><testcase classname="tests.test_v10_features.TestRBACModifyProducts" name="test_admin_with_perm_can_edit" time="0.793" /><testcase classname="tests.test_v10_features.TestPricingPassthrough" name="test_unknown_pricing_fields_preserved" time="0.231" /><testcase classname="tests.test_v10_features.TestCustomerRender" name="test_public_product_has_notes" time="0.181" /><testcase classname="tests.test_v10_features.TestCustomerRender" name="test_pricing_engine_still_works" time="0.253" /><testcase classname="tests.test_v10_features.TestZzzRestore" name="test_restore_rak_canonical" time="0.107" /><testcase classname="tests.test_v10_features.TestZzzRestore" name="test_cleanup_admins_and_orders" time="0.219" /></testsuite></testsuites>