<?xml version="1.0" encoding="utf-8"?><testsuites name="pytest tests"><testsuite name="pytest" errors="0" failures="0" skipped="0" tests="32" time="4.896" timestamp="2026-08-27T08:23:19.845075+00:00" hostname="agent-env-25aefee9-a7e3-456c-a933-ba40db2eac2f"><testcase classname="tests.test_v2_features.TestSecurity" name="test_admin_routes_require_auth[/admin/orders]" time="0.155" /><testcase classname="tests.test_v2_features.TestSecurity" name="test_admin_routes_require_auth[/admin/overview]" time="0.242" /><testcase classname="tests.test_v2_features.TestSecurity" name="test_admin_routes_require_auth[/admin/finance/accounts]" time="0.100" /><testcase classname="tests.test_v2_features.TestSecurity" name="test_admin_routes_require_auth[/admin/finance/transactions]" time="0.112" /><testcase classname="tests.test_v2_features.TestFinanceAutoRevenue" name="test_lunas_creates_and_dedups_revenue" time="0.904" /><testcase classname="tests.test_v2_features.TestSecurity" name="test_admin_routes_require_auth[/admin/finance/stats]" time="0.142" /><testcase classname="tests.test_v2_features.TestSecurity" name="test_admin_routes_require_auth[/admin/admins]" time="0.203" /><testcase classname="tests.test_v2_features.TestFinanceAutoRevenue" name="test_manual_expense" time="0.170" /><testcase classname="tests.test_v2_features.TestSecurity" name="test_admin_routes_require_auth[/admin/settings]" time="0.101" /><testcase classname="tests.test_v2_features.TestSecurity" name="test_admin_routes_require_auth[/admin/analytics/top-configs]" time="0.117" /><testcase classname="tests.test_v2_features.TestFinanceAutoRevenue" name="test_transfer_idr_to_egp" time="0.167" /><testcase classname="tests.test_v2_features.TestFinanceAutoRevenue" name="test_finance_stats" time="0.280" /><testcase classname="tests.test_v2_features.TestMultiAdmin" name="test_owner_can_create_manager_and_perms_forced" time="0.345" /><testcase classname="tests.test_v2_features.TestSecurity" name="test_invalid_oid_returns_404" time="0.699" /><testcase classname="tests.test_v2_features.TestMultiAdmin" name="test_sub_admin_login_and_403_on_finance_and_admins" time="0.511" /><testcase classname="tests.test_v2_features.TestSecurity" name="test_valid_but_nonexistent_oid_404" time="0.063" /><testcase classname="tests.test_v2_features.TestOverviewFilters" name="test_overview_has_stat_keys" time="0.261" /><testcase classname="tests.test_v2_features.TestOverviewFilters" name="test_orders_filter_by_status" time="0.063" /><testcase classname="tests.test_v2_features.TestOverviewFilters" name="test_orders_filter_by_payment" time="0.051" /><testcase classname="tests.test_v2_features.TestMultiAdmin" name="test_cleanup_sub_admin" time="0.062" /><testcase classname="tests.test_v2_features.TestPhoneValidation" name="test_reject_local_format" time="0.248" /><testcase classname="tests.test_v2_features.TestRakTypeBPricing" name="test_60_2_type_b_natural_565" time="0.106" /><testcase classname="tests.test_v2_features.TestRakTypeBPricing" name="test_starting_price_is_565" time="0.000" /><testcase classname="tests.test_v2_features.TestMatchPhoto" name="test_no_photos_returns_none" time="0.102" /><testcase classname="tests.test_v2_features.TestPhoneValidation" name="test_accept_intl_format" time="0.102" /><testcase classname="tests.test_v2_features.TestMatchPhoto" name="test_exact_match_with_added_photo" time="1.172" /><testcase classname="tests.test_v2_features.TestMultiItemOrder" name="test_multi_item_totals_and_delivery_fee" time="0.218" /><testcase classname="tests.test_v2_features.TestMultiItemOrder" name="test_empty_cart_rejected" time="0.121" /><testcase classname="tests.test_v2_features.TestAdminEmailPassword" name="test_change_email_wrong_password" time="0.305" /><testcase classname="tests.test_v2_features.TestAdminEmailPassword" name="test_change_password_and_restore" time="0.998" /><testcase classname="tests.test_v2_features.TestAnalytics" name="test_top_configs_default" time="0.494" /><testcase classname="tests.test_v2_features.TestAnalytics" name="test_top_configs_group_by_length" time="0.051" /></testsuite></testsuites>