<?xml version="1.0" encoding="utf-8"?><testsuites name="pytest tests"><testsuite name="pytest" errors="0" failures="1" skipped="0" tests="17" time="5.476" timestamp="2026-08-27T12:58:06.106989+00:00" hostname="agent-env-25aefee9-a7e3-456c-a933-ba40db2eac2f"><testcase classname="tests.test_v3_features.TestDiscounts" name="test_create_and_list_discount" time="0.806" /><testcase classname="tests.test_v3_features.TestFinanceV3" name="test_balance_adjust_sets_balance_no_revenue_inflation" time="1.078" /><testcase classname="tests.test_v3_features.TestDiscounts" name="test_create_duplicate_code_rejected" time="0.065" /><testcase classname="tests.test_v3_features.TestDiscounts" name="test_validate_valid_discount" time="0.295" /><testcase classname="tests.test_v3_features.TestFinanceV3" name="test_custom_category_appears_in_categories" time="0.340" /><testcase classname="tests.test_v3_features.TestDiscounts" name="test_validate_caps_at_max_amount" time="0.128" /><testcase classname="tests.test_v3_features.TestDiscounts" name="test_validate_invalid_code" time="0.150" /><testcase classname="tests.test_v3_features.TestFinanceV3" name="test_balance_adjust_invalid_account" time="0.082" /><testcase classname="tests.test_v3_features.TestDiscounts" name="test_toggle_status_inactive" time="0.373" /><testcase classname="tests.test_v3_features.TestDeleteOrderFinance" name="test_delete_paid_order_removes_revenue" time="0.970" /><testcase classname="tests.test_v3_features.TestDiscounts" name="test_apply_discount_to_order_and_snapshot" time="0.507" /><testcase classname="tests.test_v3_features.TestDiscounts" name="test_invalid_code_on_order_rejected" time="0.150" /><testcase classname="tests.test_v3_features.TestDeleteOrderFinance" name="test_sub_admin_without_delete_data_gets_403" time="1.349" /><testcase classname="tests.test_v3_features.TestProductCover" name="test_cover_image_separate_from_photos" time="0.366"><failure message="TypeError: string indices must be integers, not 'str'">backend/tests/test_v3_features.py:237: in test_cover_image_separate_from_photos
    rak_now = next(x for x in p if x["id"] == pid)
              ^^^^^^^^^^^^^^^^^^^^^^^^^^^^^^^^^^^^
backend/tests/test_v3_features.py:237: in &lt;genexpr&gt;
    rak_now = next(x for x in p if x["id"] == pid)
                                   ^^^^^^^
E   TypeError: string indices must be integers, not 'str'</failure></testcase><testcase classname="tests.test_v3_features.TestPermissions" name="test_discount_endpoints_require_manage_settings" time="1.181" /><testcase classname="tests.test_v3_features.TestStoreContacts" name="test_settings_save_and_retrieve_contacts" time="0.587" /><testcase classname="tests.test_v3_features" name="test_zzz_cleanup" time="0.544" /></testsuite></testsuites>