<?xml version="1.0" encoding="utf-8"?><testsuites name="pytest tests"><testsuite name="pytest" errors="0" failures="0" skipped="0" tests="21" time="14.411" timestamp="2026-08-27T15:50:36.566106+00:00" hostname="agent-env-25aefee9-a7e3-456c-a933-ba40db2eac2f"><testcase classname="tests.test_v4_features.TestReferral" name="test_customer_has_auto_referral_code" time="1.808" /><testcase classname="tests.test_v4_features.TestDeleteOrder" name="test_delete_unpaid_order_succeeds" time="1.381" /><testcase classname="tests.test_v4_features.TestDeleteOrder" name="test_delete_paid_order_reverses_revenue" time="0.778" /><testcase classname="tests.test_v4_features.TestReferral" name="test_self_referral_blocked" time="3.239" /><testcase classname="tests.test_v4_features.TestDeleteOrder" name="test_delete_nonexistent_returns_404" time="0.118" /><testcase classname="tests.test_v4_features.TestDeleteOrder" name="test_delete_already_deleted_returns_404" time="0.354" /><testcase classname="tests.test_v4_features.TestDeleteOrder" name="test_sub_admin_without_delete_data_403" time="1.418" /><testcase classname="tests.test_v4_features.TestCustomerAccount" name="test_register_login_logout" time="2.564" /><testcase classname="tests.test_v4_features.TestReferral" name="test_referral_requires_login" time="0.811" /><testcase classname="tests.test_v4_features.TestReferral" name="test_referral_applied_and_snapshot" time="1.942" /><testcase classname="tests.test_v4_features.TestCustomerAccount" name="test_guest_checkout_still_works" time="0.229" /><testcase classname="tests.test_v4_features.TestCustomerAccount" name="test_logged_in_order_attaches_customer" time="1.032" /><testcase classname="tests.test_v4_features.TestReferral" name="test_referral_and_discount_mutually_exclusive" time="0.914" /><testcase classname="tests.test_v4_features.TestFinanceCharts" name="test_monthly_endpoint_returns_12_months" time="0.101" /><testcase classname="tests.test_v4_features.TestFinanceCharts" name="test_monthly_reflects_new_paid_order" time="0.894" /><testcase classname="tests.test_v4_features.TestReferralPoints" name="test_points_awarded_only_when_lunas_and_idempotent" time="0.544" /><testcase classname="tests.test_v4_features.TestPointsRedemption" name="test_redeem_cap_at_max_pct_and_no_negative" time="2.769" /><testcase classname="tests.test_v4_features.TestReferralPoints" name="test_points_reversed_on_delete" time="0.201" /><testcase classname="tests.test_v4_features.TestReferralPoints" name="test_disabling_referral_code_does_not_erase_earned_points" time="1.956" /><testcase classname="tests.test_v4_features.TestCustomerIsolation" name="test_other_customer_cannot_read_via_customer_orders" time="1.123" /><testcase classname="tests.test_v4_features" name="test_zzz_cleanup" time="1.071" /></testsuite></testsuites>