<?xml version="1.0" encoding="utf-8"?><testsuites name="pytest tests"><testsuite name="pytest" errors="0" failures="0" skipped="0" tests="16" time="11.249" timestamp="2026-08-27T16:51:02.277128+00:00" hostname="agent-env-25aefee9-a7e3-456c-a933-ba40db2eac2f"><testcase classname="tests.test_v5_features.TestOrderTotalMath" name="test_A_no_discount" time="0.651" /><testcase classname="tests.test_v5_features.TestOrderTotalMath" name="test_B_promo_discount" time="0.680" /><testcase classname="tests.test_v5_features.TestOrderTotalMath" name="test_C_referral" time="0.962" /><testcase classname="tests.test_v5_features.TestOrderTotalMath" name="test_D_referral_plus_points" time="1.827" /><testcase classname="tests.test_v5_features.TestBreakdownConsistency" name="test_whatsapp_contains_rincian_and_matches_admin_and_confirmation" time="1.358" /><testcase classname="tests.test_v5_features.TestAdminOrderSearch" name="test_search_by_order_number" time="1.003" /><testcase classname="tests.test_v5_features.TestAdminOrderSearch" name="test_search_by_customer_name" time="0.082" /><testcase classname="tests.test_v5_features.TestAdminOrderSearch" name="test_search_by_phone" time="0.078" /><testcase classname="tests.test_v5_features.TestAdminOrderSearch" name="test_search_by_product_name" time="0.083" /><testcase classname="tests.test_v5_features.TestAdminOrderSearch" name="test_search_by_customer_username" time="0.079" /><testcase classname="tests.test_v5_features.TestAdminOrderSearch" name="test_search_by_referral_code" time="0.081" /><testcase classname="tests.test_v5_features.TestAdminOrderSearch" name="test_search_combined_with_status_filter" time="0.160" /><testcase classname="tests.test_v5_features.TestAdminOrderSearch" name="test_search_combined_with_payment_filter" time="0.076" /><testcase classname="tests.test_v5_features.TestCustomerDeactivation" name="test_deactivate_blocks_login_and_reactivate_restores" time="2.092" /><testcase classname="tests.test_v5_features.TestCustomerDeactivation" name="test_non_owner_cannot_patch_customer" time="1.242" /><testcase classname="tests.test_v5_features.TestZzzCleanup" name="test_cleanup" time="0.706" /></testsuite></testsuites>