<?xml version="1.0" encoding="utf-8"?><testsuites name="pytest tests"><testsuite name="pytest" errors="0" failures="15" skipped="0" tests="99" time="46.218" timestamp="2026-08-27T17:30:59.848892+00:00" hostname="agent-env-25aefee9-a7e3-456c-a933-ba40db2eac2f"><testcase classname="tests.test_v2_features.TestRakTypeBPricing" name="test_60_2_type_b_natural_565" time="0.474" /><testcase classname="tests.test_v2_features.TestRakTypeBPricing" name="test_starting_price_is_565" time="0.000" /><testcase classname="tests.test_v2_features.TestPhoneValidation" name="test_reject_local_format" time="0.175" /><testcase classname="tests.test_v2_features.TestPhoneValidation" name="test_accept_intl_format" time="0.183" /><testcase classname="tests.test_v2_features.TestMultiItemOrder" name="test_multi_item_totals_and_delivery_fee" time="0.340"><failure message="assert 2715.0 == 2645">backend/tests/test_v2_features.py:98: in test_multi_item_totals_and_delivery_fee
    assert o["subtotal_le"] == expected_subtotal
E   assert 2715.0 == 2645</failure></testcase><testcase classname="tests.test_v2_features.TestMultiItemOrder" name="test_empty_cart_rejected" time="0.221" /><testcase classname="tests.test_v2_features.TestMatchPhoto" name="test_no_photos_returns_none" time="0.181"><failure message="AssertionError: assert {'id': '1787826441945', 'attributes': {}, 'main_url': '', 'front_url': '', ...} is None">backend/tests/test_v2_features.py:123: in test_no_photos_returns_none
    assert d["photo"] is None
E   AssertionError: assert {'id': '1787826441945', 'attributes': {}, 'main_url': '', 'front_url': '', ...} is None</failure></testcase><testcase classname="tests.test_v2_features.TestMatchPhoto" name="test_exact_match_with_added_photo" time="1.061" /><testcase classname="tests.test_v2_features.TestAnalytics" name="test_top_configs_default" time="0.094" /><testcase classname="tests.test_v2_features.TestAnalytics" name="test_top_configs_group_by_length" time="0.083" /><testcase classname="tests.test_v2_features.TestFinanceAutoRevenue" name="test_lunas_creates_and_dedups_revenue" time="0.487" /><testcase classname="tests.test_v2_features.TestFinanceAutoRevenue" name="test_manual_expense" time="0.174" /><testcase classname="tests.test_v2_features.TestFinanceAutoRevenue" name="test_transfer_idr_to_egp" time="0.180" /><testcase classname="tests.test_v2_features.TestFinanceAutoRevenue" name="test_finance_stats" time="0.111" /><testcase classname="tests.test_v2_features.TestMultiAdmin" name="test_owner_can_create_manager_and_perms_forced" time="0.386" /><testcase classname="tests.test_v2_features.TestMultiAdmin" name="test_sub_admin_login_and_403_on_finance_and_admins" time="0.807" /><testcase classname="tests.test_v2_features.TestMultiAdmin" name="test_cleanup_sub_admin" time="0.085" /><testcase classname="tests.test_v2_features.TestAdminEmailPassword" name="test_change_email_wrong_password" time="0.314" /><testcase classname="tests.test_v2_features.TestAdminEmailPassword" name="test_change_password_and_restore" time="1.068" /><testcase classname="tests.test_v2_features.TestSecurity" name="test_admin_routes_require_auth[/admin/orders]" time="0.193" /><testcase classname="tests.test_v2_features.TestSecurity" name="test_admin_routes_require_auth[/admin/overview]" time="0.138" /><testcase classname="tests.test_v2_features.TestSecurity" name="test_admin_routes_require_auth[/admin/finance/accounts]" time="0.139" /><testcase classname="tests.test_v2_features.TestSecurity" name="test_admin_routes_require_auth[/admin/finance/transactions]" time="0.156" /><testcase classname="tests.test_v2_features.TestSecurity" name="test_admin_routes_require_auth[/admin/finance/stats]" time="0.218" /><testcase classname="tests.test_v2_features.TestSecurity" name="test_admin_routes_require_auth[/admin/admins]" time="0.206" /><testcase classname="tests.test_v2_features.TestSecurity" name="test_admin_routes_require_auth[/admin/settings]" time="0.160" /><testcase classname="tests.test_v2_features.TestSecurity" name="test_admin_routes_require_auth[/admin/analytics/top-configs]" time="0.318" /><testcase classname="tests.test_v2_features.TestSecurity" name="test_invalid_oid_returns_404" time="0.325" /><testcase classname="tests.test_v2_features.TestSecurity" name="test_valid_but_nonexistent_oid_404" time="0.098" /><testcase classname="tests.test_v2_features.TestOverviewFilters" name="test_overview_has_stat_keys" time="0.091" /><testcase classname="tests.test_v2_features.TestOverviewFilters" name="test_orders_filter_by_status" time="0.098" /><testcase classname="tests.test_v2_features.TestOverviewFilters" name="test_orders_filter_by_payment" time="0.104" /><testcase classname="tests.test_v3_features.TestDiscounts" name="test_create_and_list_discount" time="0.697" /><testcase classname="tests.test_v3_features.TestDiscounts" name="test_create_duplicate_code_rejected" time="0.084" /><testcase classname="tests.test_v3_features.TestDiscounts" name="test_validate_valid_discount" time="0.145" /><testcase classname="tests.test_v3_features.TestDiscounts" name="test_validate_caps_at_max_amount" time="0.137" /><testcase classname="tests.test_v3_features.TestDiscounts" name="test_validate_invalid_code" time="0.180" /><testcase classname="tests.test_v3_features.TestDiscounts" name="test_toggle_status_inactive" time="0.397" /><testcase classname="tests.test_v3_features.TestDiscounts" name="test_apply_discount_to_order_and_snapshot" time="0.657" /><testcase classname="tests.test_v3_features.TestDiscounts" name="test_invalid_code_on_order_rejected" time="0.198" /><testcase classname="tests.test_v3_features.TestDeleteOrderFinance" name="test_delete_paid_order_removes_revenue" time="0.747" /><testcase classname="tests.test_v3_features.TestDeleteOrderFinance" name="test_sub_admin_without_delete_data_gets_403" time="1.171" /><testcase classname="tests.test_v3_features.TestStoreContacts" name="test_settings_save_and_retrieve_contacts" time="0.594" /><testcase classname="tests.test_v3_features.TestProductCover" name="test_cover_image_separate_from_photos" time="0.442" /><testcase classname="tests.test_v3_features.TestFinanceV3" name="test_balance_adjust_sets_balance_no_revenue_inflation" time="0.462" /><testcase classname="tests.test_v3_features.TestFinanceV3" name="test_custom_category_appears_in_categories" time="0.374" /><testcase classname="tests.test_v3_features.TestFinanceV3" name="test_balance_adjust_invalid_account" time="0.086" /><testcase classname="tests.test_v3_features.TestPermissions" name="test_discount_endpoints_require_manage_settings" time="0.961" /><testcase classname="tests.test_v3_features" name="test_zzz_cleanup" time="1.060" /><testcase classname="tests.test_v4_features.TestCustomerAccount" name="test_register_login_logout" time="0.546"><failure message="AssertionError: {&quot;detail&quot;:&quot;No HP sudah terdaftar&quot;}&#10;assert 400 == 200&#10; +  where 400 = &lt;Response [400]&gt;.status_code">backend/tests/test_v4_features.py:68: in test_register_login_logout
    s, c = _register_customer("A", "10001")
           ^^^^^^^^^^^^^^^^^^^^^^^^^^^^^^^^
backend/tests/test_v4_features.py:60: in _register_customer
    assert r.status_code == 200, r.text
E   AssertionError: {"detail":"No HP sudah terdaftar"}
E   assert 400 == 200
E    +  where 400 = &lt;Response [400]&gt;.status_code</failure></testcase><testcase classname="tests.test_v4_features.TestCustomerAccount" name="test_guest_checkout_still_works" time="0.360" /><testcase classname="tests.test_v4_features.TestCustomerAccount" name="test_logged_in_order_attaches_customer" time="0.155"><failure message="AssertionError: {&quot;detail&quot;:&quot;No HP sudah terdaftar&quot;}&#10;assert 400 == 200&#10; +  where 400 = &lt;Response [400]&gt;.status_code">backend/tests/test_v4_features.py:112: in test_logged_in_order_attaches_customer
    s, c = _register_customer("B", "10002")
           ^^^^^^^^^^^^^^^^^^^^^^^^^^^^^^^^
backend/tests/test_v4_features.py:60: in _register_customer
    assert r.status_code == 200, r.text
E   AssertionError: {"detail":"No HP sudah terdaftar"}
E   assert 400 == 200
E    +  where 400 = &lt;Response [400]&gt;.status_code</failure></testcase><testcase classname="tests.test_v4_features.TestDeleteOrder" name="test_delete_unpaid_order_succeeds" time="0.595" /><testcase classname="tests.test_v4_features.TestDeleteOrder" name="test_delete_paid_order_reverses_revenue" time="1.045" /><testcase classname="tests.test_v4_features.TestDeleteOrder" name="test_delete_nonexistent_returns_404" time="0.145" /><testcase classname="tests.test_v4_features.TestDeleteOrder" name="test_delete_already_deleted_returns_404" time="0.585" /><testcase classname="tests.test_v4_features.TestDeleteOrder" name="test_sub_admin_without_delete_data_403" time="1.815" /><testcase classname="tests.test_v4_features.TestReferral" name="test_customer_has_auto_referral_code" time="0.227"><failure message="AssertionError: {&quot;detail&quot;:&quot;No HP sudah terdaftar&quot;}&#10;assert 400 == 200&#10; +  where 400 = &lt;Response [400]&gt;.status_code">backend/tests/test_v4_features.py:192: in test_customer_has_auto_referral_code
    s, c = _register_customer("Ref1", "10010")
           ^^^^^^^^^^^^^^^^^^^^^^^^^^^^^^^^^^^
backend/tests/test_v4_features.py:60: in _register_customer
    assert r.status_code == 200, r.text
E   AssertionError: {"detail":"No HP sudah terdaftar"}
E   assert 400 == 200
E    +  where 400 = &lt;Response [400]&gt;.status_code</failure></testcase><testcase classname="tests.test_v4_features.TestReferral" name="test_self_referral_blocked" time="0.234"><failure message="AssertionError: {&quot;detail&quot;:&quot;No HP sudah terdaftar&quot;}&#10;assert 400 == 200&#10; +  where 400 = &lt;Response [400]&gt;.status_code">backend/tests/test_v4_features.py:199: in test_self_referral_blocked
    s, c = _register_customer("Ref2", "10011")
           ^^^^^^^^^^^^^^^^^^^^^^^^^^^^^^^^^^^
backend/tests/test_v4_features.py:60: in _register_customer
    assert r.status_code == 200, r.text
E   AssertionError: {"detail":"No HP sudah terdaftar"}
E   assert 400 == 200
E    +  where 400 = &lt;Response [400]&gt;.status_code</failure></testcase><testcase classname="tests.test_v4_features.TestReferral" name="test_referral_requires_login" time="0.162"><failure message="AssertionError: {&quot;detail&quot;:&quot;No HP sudah terdaftar&quot;}&#10;assert 400 == 200&#10; +  where 400 = &lt;Response [400]&gt;.status_code">backend/tests/test_v4_features.py:210: in test_referral_requires_login
    s, c = _register_customer("Ref3", "10012")
           ^^^^^^^^^^^^^^^^^^^^^^^^^^^^^^^^^^^
backend/tests/test_v4_features.py:60: in _register_customer
    assert r.status_code == 200, r.text
E   AssertionError: {"detail":"No HP sudah terdaftar"}
E   assert 400 == 200
E    +  where 400 = &lt;Response [400]&gt;.status_code</failure></testcase><testcase classname="tests.test_v4_features.TestReferral" name="test_referral_applied_and_snapshot" time="0.274"><failure message="AssertionError: {&quot;detail&quot;:&quot;No HP sudah terdaftar&quot;}&#10;assert 400 == 200&#10; +  where 400 = &lt;Response [400]&gt;.status_code">backend/tests/test_v4_features.py:218: in test_referral_applied_and_snapshot
    s_owner, owner = _register_customer("RefOwn", "10013")
                     ^^^^^^^^^^^^^^^^^^^^^^^^^^^^^^^^^^^^^
backend/tests/test_v4_features.py:60: in _register_customer
    assert r.status_code == 200, r.text
E   AssertionError: {"detail":"No HP sudah terdaftar"}
E   assert 400 == 200
E    +  where 400 = &lt;Response [400]&gt;.status_code</failure></testcase><testcase classname="tests.test_v4_features.TestReferral" name="test_referral_and_discount_mutually_exclusive" time="0.275"><failure message="AssertionError: {&quot;detail&quot;:&quot;No HP sudah terdaftar&quot;}&#10;assert 400 == 200&#10; +  where 400 = &lt;Response [400]&gt;.status_code">backend/tests/test_v4_features.py:242: in test_referral_and_discount_mutually_exclusive
    s_owner, owner = _register_customer("RefOwn2", "10015")
                     ^^^^^^^^^^^^^^^^^^^^^^^^^^^^^^^^^^^^^^
backend/tests/test_v4_features.py:60: in _register_customer
    assert r.status_code == 200, r.text
E   AssertionError: {"detail":"No HP sudah terdaftar"}
E   assert 400 == 200
E    +  where 400 = &lt;Response [400]&gt;.status_code</failure></testcase><testcase classname="tests.test_v4_features.TestReferralPoints" name="test_points_awarded_only_when_lunas_and_idempotent" time="0.000"><failure message="AssertionError: referral order not created&#10;assert False&#10; +  where False = hasattr(pytest, 'v4_ref_order_id')">backend/tests/test_v4_features.py:258: in test_points_awarded_only_when_lunas_and_idempotent
    assert hasattr(pytest, "v4_ref_order_id"), "referral order not created"
E   AssertionError: referral order not created
E   assert False
E    +  where False = hasattr(pytest, 'v4_ref_order_id')</failure></testcase><testcase classname="tests.test_v4_features.TestReferralPoints" name="test_points_reversed_on_delete" time="0.000"><failure message="AttributeError: module 'pytest' has no attribute 'v4_ref_order_id'">backend/tests/test_v4_features.py:278: in test_points_reversed_on_delete
    oid_ = pytest.v4_ref_order_id
           ^^^^^^^^^^^^^^^^^^^^^^
E   AttributeError: module 'pytest' has no attribute 'v4_ref_order_id'</failure></testcase><testcase classname="tests.test_v4_features.TestReferralPoints" name="test_disabling_referral_code_does_not_erase_earned_points" time="0.117"><failure message="AssertionError: {&quot;detail&quot;:&quot;No HP sudah terdaftar&quot;}&#10;assert 400 == 200&#10; +  where 400 = &lt;Response [400]&gt;.status_code">backend/tests/test_v4_features.py:288: in test_disabling_referral_code_does_not_erase_earned_points
    s_owner, owner = _register_customer("RefKeep", "10020")
                     ^^^^^^^^^^^^^^^^^^^^^^^^^^^^^^^^^^^^^^
backend/tests/test_v4_features.py:60: in _register_customer
    assert r.status_code == 200, r.text
E   AssertionError: {"detail":"No HP sudah terdaftar"}
E   assert 400 == 200
E    +  where 400 = &lt;Response [400]&gt;.status_code</failure></testcase><testcase classname="tests.test_v4_features.TestPointsRedemption" name="test_redeem_cap_at_max_pct_and_no_negative" time="0.202"><failure message="AssertionError: {&quot;detail&quot;:&quot;No HP sudah terdaftar&quot;}&#10;assert 400 == 200&#10; +  where 400 = &lt;Response [400]&gt;.status_code">backend/tests/test_v4_features.py:311: in test_redeem_cap_at_max_pct_and_no_negative
    s_owner, owner = _register_customer("RedOwn", "10030")
                     ^^^^^^^^^^^^^^^^^^^^^^^^^^^^^^^^^^^^^
backend/tests/test_v4_features.py:60: in _register_customer
    assert r.status_code == 200, r.text
E   AssertionError: {"detail":"No HP sudah terdaftar"}
E   assert 400 == 200
E    +  where 400 = &lt;Response [400]&gt;.status_code</failure></testcase><testcase classname="tests.test_v4_features.TestFinanceCharts" name="test_monthly_endpoint_returns_12_months" time="0.099" /><testcase classname="tests.test_v4_features.TestFinanceCharts" name="test_monthly_reflects_new_paid_order" time="0.434" /><testcase classname="tests.test_v4_features.TestCustomerIsolation" name="test_other_customer_cannot_read_via_customer_orders" time="0.149"><failure message="AssertionError: {&quot;detail&quot;:&quot;No HP sudah terdaftar&quot;}&#10;assert 400 == 200&#10; +  where 400 = &lt;Response [400]&gt;.status_code">backend/tests/test_v4_features.py:381: in test_other_customer_cannot_read_via_customer_orders
    s1, c1 = _register_customer("IsoA", "10040")
             ^^^^^^^^^^^^^^^^^^^^^^^^^^^^^^^^^^^
backend/tests/test_v4_features.py:60: in _register_customer
    assert r.status_code == 200, r.text
E   AssertionError: {"detail":"No HP sudah terdaftar"}
E   assert 400 == 200
E    +  where 400 = &lt;Response [400]&gt;.status_code</failure></testcase><testcase classname="tests.test_v4_features" name="test_zzz_cleanup" time="0.978" /><testcase classname="tests.test_v5_features.TestOrderTotalMath" name="test_A_no_discount" time="0.338" /><testcase classname="tests.test_v5_features.TestOrderTotalMath" name="test_B_promo_discount" time="0.744" /><testcase classname="tests.test_v5_features.TestOrderTotalMath" name="test_C_referral" time="0.850" /><testcase classname="tests.test_v5_features.TestOrderTotalMath" name="test_D_referral_plus_points" time="1.595" /><testcase classname="tests.test_v5_features.TestBreakdownConsistency" name="test_whatsapp_contains_rincian_and_matches_admin_and_confirmation" time="1.280"><failure message="KeyError: 'total_le'">backend/tests/test_v5_features.py:176: in test_whatsapp_contains_rincian_and_matches_admin_and_confirmation
    assert conf["total_le"] == created["total_le"]
           ^^^^^^^^^^^^^^^^
E   KeyError: 'total_le'</failure></testcase><testcase classname="tests.test_v5_features.TestAdminOrderSearch" name="test_search_by_order_number" time="0.959" /><testcase classname="tests.test_v5_features.TestAdminOrderSearch" name="test_search_by_customer_name" time="0.076" /><testcase classname="tests.test_v5_features.TestAdminOrderSearch" name="test_search_by_phone" time="0.096" /><testcase classname="tests.test_v5_features.TestAdminOrderSearch" name="test_search_by_product_name" time="0.088" /><testcase classname="tests.test_v5_features.TestAdminOrderSearch" name="test_search_by_customer_username" time="0.088" /><testcase classname="tests.test_v5_features.TestAdminOrderSearch" name="test_search_by_referral_code" time="0.086" /><testcase classname="tests.test_v5_features.TestAdminOrderSearch" name="test_search_combined_with_status_filter" time="0.163" /><testcase classname="tests.test_v5_features.TestAdminOrderSearch" name="test_search_combined_with_payment_filter" time="0.078" /><testcase classname="tests.test_v5_features.TestCustomerDeactivation" name="test_deactivate_blocks_login_and_reactivate_restores" time="1.840" /><testcase classname="tests.test_v5_features.TestCustomerDeactivation" name="test_non_owner_cannot_patch_customer" time="1.269" /><testcase classname="tests.test_v5_features.TestZzzCleanup" name="test_cleanup" time="0.727" /><testcase classname="tests.test_v6_features.TestOrderPrivacy" name="test_guest_order_publicly_accessible_by_id" time="0.427" /><testcase classname="tests.test_v6_features.TestOrderPrivacy" name="test_customer_can_get_own_order" time="0.612" /><testcase classname="tests.test_v6_features.TestOrderPrivacy" name="test_other_customer_cannot_get_linked_order" time="1.016" /><testcase classname="tests.test_v6_features.TestOrderPrivacy" name="test_anon_cannot_get_linked_order" time="0.612" /><testcase classname="tests.test_v6_features.TestSafeCustomerDelete" name="test_empty_customer_hard_deletable" time="0.965" /><testcase classname="tests.test_v6_features.TestSafeCustomerDelete" name="test_customer_with_order_history_blocked_400" time="0.755" /><testcase classname="tests.test_v6_features.TestSafeCustomerDelete" name="test_customer_with_points_history_blocked_400" time="1.147" /><testcase classname="tests.test_v6_features.TestSafeCustomerDelete" name="test_non_owner_delete_customer_403" time="1.317" /><testcase classname="tests.test_v6_features.TestSafeCustomerDelete" name="test_no_collateral_deletion_of_other_customers_orders" time="1.180" /><testcase classname="tests.test_v6_features.TestCoverPreview" name="test_manual_mode_selected_is_none" time="0.322" /><testcase classname="tests.test_v6_features.TestCoverPreview" name="test_auto_mode_shape" time="0.428" /><testcase classname="tests.test_v6_features.TestCoverPreview" name="test_cover_preview_requires_admin" time="0.367" /><testcase classname="tests.test_v6_features.TestZzzCleanup" name="test_cleanup" time="1.074" /></testsuite></testsuites>