<?xml version="1.0" encoding="utf-8"?><testsuites name="pytest tests"><testsuite name="pytest" errors="0" failures="1" skipped="0" tests="13" time="12.541" timestamp="2026-08-27T17:30:06.109357+00:00" hostname="agent-env-25aefee9-a7e3-456c-a933-ba40db2eac2f"><testcase classname="tests.test_v6_features.TestOrderPrivacy" name="test_guest_order_publicly_accessible_by_id" time="1.030" /><testcase classname="tests.test_v6_features.TestOrderPrivacy" name="test_customer_can_get_own_order" time="0.736" /><testcase classname="tests.test_v6_features.TestOrderPrivacy" name="test_other_customer_cannot_get_linked_order" time="1.621" /><testcase classname="tests.test_v6_features.TestOrderPrivacy" name="test_anon_cannot_get_linked_order" time="0.689" /><testcase classname="tests.test_v6_features.TestSafeCustomerDelete" name="test_empty_customer_hard_deletable" time="0.975" /><testcase classname="tests.test_v6_features.TestSafeCustomerDelete" name="test_customer_with_order_history_blocked_400" time="0.849" /><testcase classname="tests.test_v6_features.TestSafeCustomerDelete" name="test_customer_with_points_history_blocked_400" time="1.295" /><testcase classname="tests.test_v6_features.TestSafeCustomerDelete" name="test_non_owner_delete_customer_403" time="1.348" /><testcase classname="tests.test_v6_features.TestSafeCustomerDelete" name="test_no_collateral_deletion_of_other_customers_orders" time="1.615" /><testcase classname="tests.test_v6_features.TestCoverPreview" name="test_manual_mode_selected_is_none" time="0.266" /><testcase classname="tests.test_v6_features.TestCoverPreview" name="test_auto_mode_shape" time="0.318"><failure message="AssertionError: assert 'manual' == 'auto'&#10;  &#10;  - auto&#10;  + manual">backend/tests/test_v6_features.py:236: in test_auto_mode_shape
    assert data["cover_mode"] == "auto"
E   AssertionError: assert 'manual' == 'auto'
E     
E     - auto
E     + manual</failure></testcase><testcase classname="tests.test_v6_features.TestCoverPreview" name="test_cover_preview_requires_admin" time="0.485" /><testcase classname="tests.test_v6_features.TestZzzCleanup" name="test_cleanup" time="1.220" /></testsuite></testsuites>