<?xml version="1.0" encoding="utf-8"?><testsuites name="pytest tests"><testsuite name="pytest" errors="0" failures="0" skipped="0" tests="12" time="5.912" timestamp="2026-08-27T18:13:21.164042+00:00" hostname="agent-env-25aefee9-a7e3-456c-a933-ba40db2eac2f"><testcase classname="tests.test_v7_features.TestGuestTrack" name="test_track_success_returns_limited_view" time="0.396" /><testcase classname="tests.test_v7_features.TestGuestTrack" name="test_track_wrong_phone_404" time="0.172" /><testcase classname="tests.test_v7_features.TestGuestTrack" name="test_track_blank_phone_400" time="0.173" /><testcase classname="tests.test_v7_features.TestGuestTrack" name="test_track_unknown_number_404" time="0.228" /><testcase classname="tests.test_v7_features.TestGuestClaim" name="test_claim_success_and_shows_in_customer_orders" time="1.406" /><testcase classname="tests.test_v7_features.TestGuestClaim" name="test_claim_wrong_phone_404" time="0.611" /><testcase classname="tests.test_v7_features.TestGuestClaim" name="test_claim_existing_already_claimed_returns_409" time="0.502" /><testcase classname="tests.test_v7_features.TestGuestClaim" name="test_claim_requires_login" time="0.826" /><testcase classname="tests.test_v7_features.TestPhotoOrdering" name="test_reorder_photo_records_persist" time="0.334" /><testcase classname="tests.test_v7_features.TestPhotoOrdering" name="test_reorder_photo_slots_within_config" time="0.352" /><testcase classname="tests.test_v7_features.TestConfigPhotoIntegrity" name="test_products_endpoint_returns_photos" time="0.000" /><testcase classname="tests.test_v7_features.TestZzzCleanup" name="test_cleanup" time="0.837" /></testsuite></testsuites>