<?xml version="1.0" encoding="utf-8"?><testsuites name="pytest tests"><testsuite name="pytest" errors="0" failures="0" skipped="0" tests="19" time="9.418" timestamp="2026-08-27T22:26:02.979719+00:00" hostname="agent-env-25aefee9-a7e3-456c-a933-ba40db2eac2f"><testcase classname="tests.test_v8_features.TestClassificationEffects" name="test_income_revenue_increases_revenue_and_balance" time="0.968" /><testcase classname="tests.test_v8_features.TestClassificationEffects" name="test_income_transfer_only_moves_balance_no_revenue" time="0.419" /><testcase classname="tests.test_v8_features.TestClassificationEffects" name="test_expense_cost_increases_cost_and_decreases_balance" time="0.408" /><testcase classname="tests.test_v8_features.TestClassificationEffects" name="test_expense_transfer_no_cost_only_balance" time="0.387" /><testcase classname="tests.test_v8_features.TestTransfer" name="test_transfer_same_account_400" time="0.066" /><testcase classname="tests.test_v8_features.TestTransfer" name="test_transfer_moves_balance_not_revenue" time="0.343" /><testcase classname="tests.test_v8_features.TestCategorySoftDelete" name="test_soft_delete_hides_from_selectable_but_keeps_txn_history" time="0.332" /><testcase classname="tests.test_v8_features.TestCategorySoftDelete" name="test_put_can_reactivate_and_change_classification" time="0.187" /><testcase classname="tests.test_v8_features.TestWageTracking" name="test_wage_expense_creates_linked_wage" time="0.456" /><testcase classname="tests.test_v8_features.TestWageTracking" name="test_delete_wage_txn_removes_linked_wage_no_orphan" time="0.348" /><testcase classname="tests.test_v8_features.TestFindUsername" name="test_find_success_returns_only_username" time="0.576" /><testcase classname="tests.test_v8_features.TestFindUsername" name="test_find_404_for_unknown_phone" time="0.187" /><testcase classname="tests.test_v8_features.TestFindUsername" name="test_find_400_for_invalid_phone" time="0.146" /><testcase classname="tests.test_v8_features.TestResetPassword" name="test_reset_short_400" time="0.492" /><testcase classname="tests.test_v8_features.TestResetPassword" name="test_reset_ok_and_login_switch" time="1.075" /><testcase classname="tests.test_v8_features.TestResetPassword" name="test_non_owner_gets_403" time="0.816" /><testcase classname="tests.test_v8_features.TestOrderRevenueRegression" name="test_paid_order_creates_order_revenue" time="0.767" /><testcase classname="tests.test_v8_features.TestOrderRevenueRegression" name="test_delete_paid_order_reverses_revenue" time="0.187" /><testcase classname="tests.test_v8_features.TestZzzCleanup" name="test_cleanup" time="1.163" /></testsuite></testsuites>