<?xml version="1.0" encoding="utf-8"?><testsuites name="pytest tests"><testsuite name="pytest" errors="0" failures="0" skipped="0" tests="26" time="9.335" timestamp="2026-08-31T10:47:23.333608+00:00" hostname="agent-env-25aefee9-a7e3-456c-a933-ba40db2eac2f"><testcase classname="tests.test_v9_features.TestOwnerCanonical" name="test_new_email_login_ok" time="0.885" /><testcase classname="tests.test_v9_features.TestExports" name="test_finance_xlsx" time="1.325" /><testcase classname="tests.test_v9_features.TestOwnerCanonical" name="test_old_email_rejected" time="0.140" /><testcase classname="tests.test_v9_features.TestExports" name="test_orders_xlsx" time="0.242" /><testcase classname="tests.test_v9_features.TestOwnerCanonical" name="test_exactly_one_owner" time="0.548" /><testcase classname="tests.test_v9_features.TestExports" name="test_config_analytics_xlsx" time="0.082" /><testcase classname="tests.test_v9_features.TestOwnerCanonical" name="test_owner_has_all_permissions" time="0.048" /><testcase classname="tests.test_v9_features.TestAccountMgmtRBAC" name="test_cannot_create_owner" time="0.046" /><testcase classname="tests.test_v9_features.TestExports" name="test_customers_xlsx_no_password" time="0.098" /><testcase classname="tests.test_v9_features.TestAccountMgmtRBAC" name="test_create_edit_role_same_id" time="0.369" /><testcase classname="tests.test_v9_features.TestExports" name="test_accounts_xlsx_two_sheets" time="0.249" /><testcase classname="tests.test_v9_features.TestExports" name="test_product_prices_xlsx" time="0.092" /><testcase classname="tests.test_v9_features.TestAccountMgmtRBAC" name="test_non_owner_403_on_admin_endpoints" time="1.509" /><testcase classname="tests.test_v9_features.TestExports" name="test_accounts_owner_only_403_for_non_owner" time="1.153" /><testcase classname="tests.test_v9_features.TestOwnerResetPassword" name="test_reset_and_login_flow" time="1.438" /><testcase classname="tests.test_v9_features.TestFinanceStatistics" name="test_statistics_totals_and_transfer_isolation" time="1.452" /><testcase classname="tests.test_v9_features.TestAdminStatus" name="test_inactive_employee_hidden_from_wage_list_wages_preserved" time="1.101" /><testcase classname="tests.test_v9_features.TestFinanceStatistics" name="test_last_3_months_period" time="0.045" /><testcase classname="tests.test_v9_features.TestFinanceCategories" name="test_default_categories" time="0.045" /><testcase classname="tests.test_v9_features" name="test_monthly_chart_endpoint" time="0.046" /><testcase classname="tests.test_v9_features.TestPriceHistory" name="test_price_change_recorded" time="0.600" /><testcase classname="tests.test_v9_features.TestCustomerChangePassword" name="test_flow" time="2.165" /><testcase classname="tests.test_v9_features.TestWageLink" name="test_wage_create_and_delete_sync" time="0.716" /><testcase classname="tests.test_v9_features.TestFinanceSearch" name="test_search_matches_description_and_amount" time="1.141" /><testcase classname="tests.test_v9_features.TestOrderRevenueRegression" name="test_paid_order_and_delete_reverse" time="0.476" /><testcase classname="tests.test_v9_features.TestZzzCleanup" name="test_cleanup" time="0.314" /></testsuite></testsuites>